[19:10:11] [ServerMain/INFO]: [bootstrap] Running Java 25 (OpenJDK 64-Bit Server VM 25.0.1+13-LTS; BellSoft null) on Windows 11 10.0 (amd64)
[19:10:11] [ServerMain/INFO]: [bootstrap] Loading Paper 1.21-130-master@b1b5d4c (2024-08-10T10:02:42Z) for Minecraft 1.21
[19:10:12] [ServerMain/INFO]: [PluginInitializerManager] Initializing plugins...
[19:10:12] [ServerMain/INFO]: [PluginInitializerManager] Initialized 1 plugin
[19:10:12] [ServerMain/INFO]: [PluginInitializerManager] Paper plugins (1):
 - SlotsEffect (1.21.11)
[19:10:14] [ServerMain/INFO]: Environment: Environment[sessionHost=https://sessionserver.mojang.com, servicesHost=https://api.minecraftservices.com, name=PROD]
[19:10:14] [ServerMain/INFO]: Found new data pack file/bukkit, loading it automatically
[19:10:14] [ServerMain/INFO]: Found new data pack paper, loading it automatically
[19:10:15] [ServerMain/INFO]: No existing world data, creating new world
[19:10:15] [ServerMain/INFO]: Loaded 1290 recipes
[19:10:15] [ServerMain/INFO]: Loaded 1399 advancements
[19:10:15] [Server thread/INFO]: Starting minecraft server version 1.21
[19:10:15] [Server thread/INFO]: Loading properties
[19:10:15] [Server thread/INFO]: This server is running Paper version 1.21-130-master@b1b5d4c (2024-08-10T10:02:42Z) (Implementing API version 1.21-R0.1-SNAPSHOT)
[19:10:15] [Server thread/INFO]: [spark] This server bundles the spark profiler. For more information please visit https://docs.papermc.io/paper/profiling
[19:10:15] [Server thread/INFO]: Server Ping Player Sample Count: 12
[19:10:15] [Server thread/INFO]: Using 4 threads for Netty based IO
[19:10:16] [Server thread/INFO]: [ChunkTaskScheduler] Chunk system is using 1 I/O threads, 4 worker threads, and population gen parallelism of 4 threads
[19:10:16] [Server thread/INFO]: Default game type: SURVIVAL
[19:10:16] [Server thread/INFO]: Generating keypair
[19:10:16] [Server thread/INFO]: Starting Minecraft server on *:25565
[19:10:16] [Server thread/INFO]: Using default channel type
[19:10:16] [Server thread/INFO]: Paper: Using Java compression from Velocity.
[19:10:16] [Server thread/INFO]: Paper: Using Java cipher from Velocity.
[19:10:16] [Server thread/ERROR]: [ModernPluginLoadingStrategy] Could not load 'D:\MinecraftProjects\1.21.11\SlotsEffect\build\libs\SlotsEffect-1.21.11.jar' in 'D:\MinecraftProjects\1.21.11\SlotsEffect\build\libs'
org.bukkit.plugin.UnknownDependencyException: Unknown/missing dependency plugins: [MountCore]. Please download and install these plugins to run 'SlotsEffect'.
	at io.papermc.paper.plugin.entrypoint.strategy.modern.ModernPluginLoadingStrategy.loadProviders(ModernPluginLoadingStrategy.java:82) ~[paper-1.21.jar:1.21-130-b1b5d4c]
	at io.papermc.paper.plugin.storage.SimpleProviderStorage.enter(SimpleProviderStorage.java:38) ~[paper-1.21.jar:1.21-130-b1b5d4c]
	at io.papermc.paper.plugin.entrypoint.LaunchEntryPointHandler.enter(LaunchEntryPointHandler.java:40) ~[paper-1.21.jar:1.21-130-b1b5d4c]
	at org.bukkit.craftbukkit.CraftServer.loadPlugins(CraftServer.java:546) ~[paper-1.21.jar:1.21-130-b1b5d4c]
	at net.minecraft.server.dedicated.DedicatedServer.initServer(DedicatedServer.java:292) ~[paper-1.21.jar:1.21-130-b1b5d4c]
	at net.minecraft.server.MinecraftServer.runServer(MinecraftServer.java:1215) ~[paper-1.21.jar:1.21-130-b1b5d4c]
	at net.minecraft.server.MinecraftServer.lambda$spin$0(MinecraftServer.java:330) ~[paper-1.21.jar:1.21-130-b1b5d4c]
	at java.base/java.lang.Thread.run(Thread.java:1474) ~[?:?]
[19:10:16] [Server thread/INFO]: Server permissions file permissions.yml is empty, ignoring it
[19:10:16] [Server thread/INFO]: Preparing level "world"
[19:10:18] [Server thread/INFO]: Preparing start region for dimension minecraft:overworld
[19:10:20] [Server thread/INFO]: Time elapsed: 1293 ms
[19:10:20] [Server thread/INFO]: Preparing start region for dimension minecraft:the_nether
[19:10:20] [Server thread/INFO]: Time elapsed: 597 ms
[19:10:20] [Server thread/INFO]: Preparing start region for dimension minecraft:the_end
[19:10:20] [Server thread/INFO]: Time elapsed: 90 ms
[19:10:20] [Server thread/INFO]: [spark] Starting background profiler...
[19:10:20] [Server thread/INFO]: [spark] The async-profiler engine is not supported for your os/arch (windows11/amd64), so the built-in Java engine will be used instead.
[19:10:20] [Server thread/INFO]: Done preparing level "world" (4.506s)
[19:10:20] [Server thread/INFO]: Running delayed init tasks
[19:10:20] [Server thread/INFO]: Done (9.770s)! For help, type "help"
[19:10:20] [Server thread/INFO]: Timings Reset
